<?xml version="1.0" encoding="UTF-8"?>
<!-- Generated by org.testng.reporters.JUnitReportReporter -->
<testsuite hostname="DESKTOP-JUC4I42" failures="0" tests="3" name="com.w2a.APITestingFramework.rough.TestPaypal" time="3.706" errors="0" timestamp="2024-06-14T17:59:56 IST" skipped="0">
  <testcase classname="com.w2a.APITestingFramework.rough.TestPaypal" name="getAuthKey" time="0.927"/>
  <testcase classname="com.w2a.APITestingFramework.rough.TestPaypal" name="createOrder" time="1.688"/>
  <testcase classname="com.w2a.APITestingFramework.rough.TestPaypal" name="getOrder" time="1.091"/>
</testsuite> <!-- com.w2a.APITestingFramework.rough.TestPaypal -->
