<?xml version="1.0" encoding="UTF-8"?>
<!-- Generated by org.testng.reporters.JUnitReportReporter -->
<testsuite hostname="DESKTOP-JUC4I42" failures="0" tests="1" name="com.w2a.APITestingFramework.testcases.paypal.TestPaypal" time="3.923" errors="0" timestamp="2024-06-14T18:20:14 IST" skipped="0">
  <testcase classname="com.w2a.APITestingFramework.testcases.paypal.TestPaypal" name="createOrder" time="3.923"/>
</testsuite> <!-- com.w2a.APITestingFramework.testcases.paypal.TestPaypal -->
